<?xml version="1.0" encoding="UTF-8"?>
<testsuite name="ru.spbau.group202.sharkova.hw7treeset.BinaryTreeSetTest" time="0.053" tests="26" errors="0" skipped="0" failures="0">
  <properties>
    <property name="java.runtime.name" value="OpenJDK Runtime Environment"/>
    <property name="sun.boot.library.path" value="/usr/lib/jvm/java-8-openjdk-amd64/jre/lib/amd64"/>
    <property name="java.vm.version" value="25.151-b12"/>
    <property name="java.vm.vendor" value="Oracle Corporation"/>
    <property name="maven.multiModuleProjectDirectory" value="/home/darya/Documents/2017_fall/Java/java2017fall/hw7treeset"/>
    <property name="java.vendor.url" value="http://java.oracle.com/"/>
    <property name="path.separator" value=":"/>
    <property name="guice.disable.misplaced.annotation.check" value="true"/>
    <property name="java.vm.name" value="OpenJDK 64-Bit Server VM"/>
    <property name="file.encoding.pkg" value="sun.io"/>
    <property name="user.country" value="US"/>
    <property name="sun.java.launcher" value="SUN_STANDARD"/>
    <property name="sun.os.patch.level" value="unknown"/>
    <property name="java.vm.specification.name" value="Java Virtual Machine Specification"/>
    <property name="user.dir" value="/home/darya/Documents/2017_fall/Java/java2017fall/hw7treeset"/>
    <property name="java.runtime.version" value="1.8.0_151-8u151-b12-0ubuntu0.16.04.2-b12"/>
    <property name="java.awt.graphicsenv" value="sun.awt.X11GraphicsEnvironment"/>
    <property name="java.endorsed.dirs" value="/usr/lib/jvm/java-8-openjdk-amd64/jre/lib/endorsed"/>
    <property name="os.arch" value="amd64"/>
    <property name="java.io.tmpdir" value="/tmp"/>
    <property name="line.separator" value="&#10;"/>
    <property name="java.vm.specification.vendor" value="Oracle Corporation"/>
    <property name="os.name" value="Linux"/>
    <property name="classworlds.conf" value="/usr/share/maven/bin/m2.conf"/>
    <property name="sun.jnu.encoding" value="UTF-8"/>
    <property name="java.library.path" value="/opt/ros/kinetic/lib:/usr/java/packages/lib/amd64:/usr/lib/x86_64-linux-gnu/jni:/lib/x86_64-linux-gnu:/usr/lib/x86_64-linux-gnu:/usr/lib/jni:/lib:/usr/lib"/>
    <property name="java.specification.name" value="Java Platform API Specification"/>
    <property name="java.class.version" value="52.0"/>
    <property name="sun.management.compiler" value="HotSpot 64-Bit Tiered Compilers"/>
    <property name="os.version" value="4.6.0-040600-lowlatency"/>
    <property name="user.home" value="/home/darya"/>
    <property name="user.timezone" value="Europe/Moscow"/>
    <property name="java.awt.printerjob" value="sun.print.PSPrinterJob"/>
    <property name="file.encoding" value="UTF-8"/>
    <property name="java.specification.version" value="1.8"/>
    <property name="user.name" value="darya"/>
    <property name="java.class.path" value="/usr/share/maven/boot/plexus-classworlds-2.x.jar"/>
    <property name="java.vm.specification.version" value="1.8"/>
    <property name="sun.arch.data.model" value="64"/>
    <property name="java.home" value="/usr/lib/jvm/java-8-openjdk-amd64/jre"/>
    <property name="sun.java.command" value="org.codehaus.plexus.classworlds.launcher.Launcher package"/>
    <property name="java.specification.vendor" value="Oracle Corporation"/>
    <property name="user.language" value="en"/>
    <property name="awt.toolkit" value="sun.awt.X11.XToolkit"/>
    <property name="java.vm.info" value="mixed mode"/>
    <property name="java.version" value="1.8.0_151"/>
    <property name="java.ext.dirs" value="/usr/lib/jvm/java-8-openjdk-amd64/jre/lib/ext:/usr/java/packages/lib/ext"/>
    <property name="securerandom.source" value="file:/dev/./urandom"/>
    <property name="sun.boot.class.path" value="/usr/lib/jvm/java-8-openjdk-amd64/jre/lib/resources.jar:/usr/lib/jvm/java-8-openjdk-amd64/jre/lib/rt.jar:/usr/lib/jvm/java-8-openjdk-amd64/jre/lib/sunrsasign.jar:/usr/lib/jvm/java-8-openjdk-amd64/jre/lib/jsse.jar:/usr/lib/jvm/java-8-openjdk-amd64/jre/lib/jce.jar:/usr/lib/jvm/java-8-openjdk-amd64/jre/lib/charsets.jar:/usr/lib/jvm/java-8-openjdk-amd64/jre/lib/jfr.jar:/usr/lib/jvm/java-8-openjdk-amd64/jre/classes"/>
    <property name="java.vendor" value="Oracle Corporation"/>
    <property name="maven.home" value="/usr/share/maven"/>
    <property name="file.separator" value="/"/>
    <property name="java.vendor.url.bug" value="http://bugreport.sun.com/bugreport/"/>
    <property name="sun.cpu.endian" value="little"/>
    <property name="sun.io.unicode.encoding" value="UnicodeLittle"/>
    <property name="sun.desktop" value="gnome"/>
    <property name="sun.cpu.isalist" value=""/>
  </properties>
  <testcase name="testAddAll" classname="ru.spbau.group202.sharkova.hw7treeset.BinaryTreeSetTest" time="0.048"/>
  <testcase name="testFirst" classname="ru.spbau.group202.sharkova.hw7treeset.BinaryTreeSetTest" time="0"/>
  <testcase name="testLast" classname="ru.spbau.group202.sharkova.hw7treeset.BinaryTreeSetTest" time="0"/>
  <testcase name="testLowerInteger" classname="ru.spbau.group202.sharkova.hw7treeset.BinaryTreeSetTest" time="0"/>
  <testcase name="testLowerString" classname="ru.spbau.group202.sharkova.hw7treeset.BinaryTreeSetTest" time="0"/>
  <testcase name="testHigherString" classname="ru.spbau.group202.sharkova.hw7treeset.BinaryTreeSetTest" time="0"/>
  <testcase name="testFloorString" classname="ru.spbau.group202.sharkova.hw7treeset.BinaryTreeSetTest" time="0.001"/>
  <testcase name="testCeilingString" classname="ru.spbau.group202.sharkova.hw7treeset.BinaryTreeSetTest" time="0"/>
  <testcase name="testContainsAll" classname="ru.spbau.group202.sharkova.hw7treeset.BinaryTreeSetTest" time="0"/>
  <testcase name="testRemove" classname="ru.spbau.group202.sharkova.hw7treeset.BinaryTreeSetTest" time="0.001"/>
  <testcase name="testSize" classname="ru.spbau.group202.sharkova.hw7treeset.BinaryTreeSetTest" time="0"/>
  <testcase name="testIsEmpty" classname="ru.spbau.group202.sharkova.hw7treeset.BinaryTreeSetTest" time="0"/>
  <testcase name="testClear" classname="ru.spbau.group202.sharkova.hw7treeset.BinaryTreeSetTest" time="0.001"/>
  <testcase name="testRemoveAll" classname="ru.spbau.group202.sharkova.hw7treeset.BinaryTreeSetTest" time="0.001"/>
  <testcase name="testIterator" classname="ru.spbau.group202.sharkova.hw7treeset.BinaryTreeSetTest" time="0"/>
  <testcase name="testRetainAll" classname="ru.spbau.group202.sharkova.hw7treeset.BinaryTreeSetTest" time="0"/>
  <testcase name="testDescendingIterator" classname="ru.spbau.group202.sharkova.hw7treeset.BinaryTreeSetTest" time="0"/>
  <testcase name="testDescendingSet" classname="ru.spbau.group202.sharkova.hw7treeset.BinaryTreeSetTest" time="0"/>
  <testcase name="testRemoveFromDescendingSet" classname="ru.spbau.group202.sharkova.hw7treeset.BinaryTreeSetTest" time="0"/>
  <testcase name="testToArrayObject" classname="ru.spbau.group202.sharkova.hw7treeset.BinaryTreeSetTest" time="0"/>
  <testcase name="testToArrayTyped" classname="ru.spbau.group202.sharkova.hw7treeset.BinaryTreeSetTest" time="0"/>
  <testcase name="testCustomComparator" classname="ru.spbau.group202.sharkova.hw7treeset.BinaryTreeSetTest" time="0.001"/>
  <testcase name="testCustomComparatorWithNull" classname="ru.spbau.group202.sharkova.hw7treeset.BinaryTreeSetTest" time="0"/>
  <testcase name="testHigherInteger" classname="ru.spbau.group202.sharkova.hw7treeset.BinaryTreeSetTest" time="0"/>
  <testcase name="testContains" classname="ru.spbau.group202.sharkova.hw7treeset.BinaryTreeSetTest" time="0"/>
  <testcase name="testAdd" classname="ru.spbau.group202.sharkova.hw7treeset.BinaryTreeSetTest" time="0"/>
</testsuite>